number of discharge planes = 0
plane 1 endpoints are (          259050,         3814500) (          259200,         3814500)
plane 2 endpoints are (          259000,         3814716) (          259150,         3814716)
plane 3 endpoints are (          259000,         3815000) (          259150,         3815000)

               0                 0                 0                 0number of discharge planes = 2.35466e-310
plane 1 endpoints are (          259050,         3814500) (          259200,         3814500)
plane 2 endpoints are (          259000,         3814716) (          259150,         3814716)
plane 3 endpoints are (          259000,         3815000) (          259150,         3815000)

               0                 0                 0                 0
      45.4029897      0.2642654636      0.2364950709      0.2210656586
     100.6738416       1.308394655       1.167922638       1.096845646
     168.0713777       3.813670131       3.364854841       3.206386397
     238.3502646       14.01204899       12.30427318       11.82667227
     314.8803878       80.80276892       76.99064708       68.11992534
     393.1941297       421.0830361       411.6924661       359.9960442
     464.7130618       1457.959109       1448.081156       1272.533279
     531.7401991       3620.272398       3636.823554       3204.825686
     595.7564866       7232.579731         7326.3181       6458.413525
             600       7546.993807       7646.179325       6741.091902
     657.9900926       12992.03602       13219.36136       11654.18729
     719.6025111       21608.71404       22085.01204       19395.23422
      781.498733       33319.95824       34115.75654       29680.72204
     844.1997573       47066.23258       48287.20583       41261.42849
     910.9473292       61494.44333       63129.49363       52368.07411
     987.3562803       76423.59432        78872.8888       62620.32181
     1065.274534       89900.61847       93971.17981       70353.52003
     1133.240635       100058.9358       106901.3309       74681.86834
     1195.186087       107226.5204       117880.6676       75767.43026
            1200        107737.181       118732.4032       75817.31654
      1253.21361       113176.2968        128727.953       75398.55717
     1308.859753       118231.0179       140124.8032       73973.74974
     1363.021016       122895.1976       152101.3666        72493.0605
      1415.34449       127815.8161       165212.9052       72492.23254
     1465.754006       131769.1069       178323.5504        72357.4211
     1515.165557       134711.6734       191122.8532        71519.2964
      1564.07888       136911.5288       203925.8752       69698.53771
     1612.620012       138498.0003       217320.2273       67398.97297
     1660.915371       140009.8032       233096.8634       64341.29668
     1709.171546       142241.5222       253061.0384       60314.02552
     1757.571564        144398.663       276424.5414       54157.14606
            1800       145700.9592       297573.9897       45947.17911
     1806.198761       145836.3122       300662.7755       44564.92077
     1855.218319       146127.4561       324666.9673       30340.45499
     1904.652174       145636.6269       347787.2479       11443.42843
     1954.537395       145649.0721       370747.5201      -11011.56763
     2004.633797       147516.6743       394053.0244      -34812.13085
     2054.314459       152135.8985       417214.1007      -58104.29738
     2103.283435       159803.8018       440444.4931      -79618.42338
      2151.18529       171001.8224       462822.0118      -98065.30382
     2198.168082        185134.258       484498.1229      -109917.7702
     2244.395609       200151.4405       505249.3211       -110878.488
     2290.016234       212711.6292       524956.6441      -103735.7591
      2335.11909       219718.8452       540590.6608      -95626.90443
     2379.687723       222334.0356       555457.9327      -88646.38215
            2400       223142.6291       563568.4379      -85758.91862
     2423.568617       223993.8487       574861.2861      -82264.14334
     2466.601881       226540.6567       605371.4783      -76061.36291
     2508.770124       232406.4494         650973.39       -68158.8108
     2550.412663       242024.2066       708008.1135      -57563.35022
     2591.893822       254464.2405       769460.9069       -41315.9617
     2633.440551       267637.1684        833251.639      -21405.58786
     2675.172435       281478.2663       895683.6607       3534.313821
     2717.153782       300723.4035        956787.545       31278.10883
      2759.42443       334004.6331       1016894.604       62203.05927
     2802.013898        377319.138       1080021.034        93676.6757
      2844.94223       425792.8341       1147149.782       127590.3764
     2888.012742       477115.3059       1216905.884        162251.792
     2931.168213       529420.6547        1289384.45       197514.8737
     2974.463592       583056.0789       1363599.663       233579.2964
            3000       616939.1046       1407289.105       253623.6372
     3017.871156       641654.9066       1438846.257       268227.9418
     3061.092159       703872.3895       1514587.172       303108.6285
     3103.903398       769395.0209         1592181.6       340172.3412
      3146.34035       833873.7624       1671664.615       378192.1173
     3188.505941       896933.9018       1748589.928       422034.1659
     3230.530141       958376.5221        1825645.55       472762.1723
     3272.252459       1017590.598       1902982.537       530942.5356
     3313.462049       1073389.618       1979493.276       594635.3013
     3354.292926         1128561.9       2059332.817       665587.6584
     3394.825494       1183060.378       2143199.672       738703.8936
     3435.129632       1238018.079       2235700.117       816131.9892
     3475.276934       1295207.261       2334209.725        894764.121
     3515.336834       1356066.769       2434625.647       976177.4213
     3555.368432         1421605.2       2544303.203       1057727.433
     3595.417482       1495246.514       2656851.672       1137908.438
            3600         1503830.5        2670086.56       1147258.615
            3610       1522751.531       2700201.599       1168027.381
            3610       1522751.531       2700201.599       1168027.381